I, [2016-09-13T09:07:33.041638 #2474]  INFO -- : Refreshing Gem list
I, [2016-09-13T09:07:33.074011 #2474]  INFO -- : listening on addr=/home/isucon/webapp/ruby/tmp/ruby.sock fd=9
I, [2016-09-13T09:07:33.074108 #2474]  INFO -- : worker=0 spawning...
I, [2016-09-13T09:07:33.074708 #2474]  INFO -- : master process ready
I, [2016-09-13T09:07:33.075444 #2476]  INFO -- : worker=0 spawned pid=2476
I, [2016-09-13T09:07:33.076506 #2476]  INFO -- : worker=0 ready
I, [2016-09-13T09:09:28.292722 #2474]  INFO -- : reaped #<Process::Status: pid 2476 exit 0> worker=0
I, [2016-09-13T09:09:28.292910 #2474]  INFO -- : master complete
I, [2016-09-13T09:09:28.526666 #2563]  INFO -- : Refreshing Gem list
I, [2016-09-13T09:09:28.557091 #2563]  INFO -- : unlinking existing socket=/home/isucon/webapp/ruby/tmp/ruby.sock
I, [2016-09-13T09:09:28.557212 #2563]  INFO -- : listening on addr=/home/isucon/webapp/ruby/tmp/ruby.sock fd=9
I, [2016-09-13T09:09:28.557276 #2563]  INFO -- : worker=0 spawning...
I, [2016-09-13T09:09:28.557765 #2563]  INFO -- : master process ready
I, [2016-09-13T09:09:28.558336 #2566]  INFO -- : worker=0 spawned pid=2566
I, [2016-09-13T09:09:28.559492 #2566]  INFO -- : worker=0 ready
        SECURITY WARNING: No secret option provided to Rack::Session::Cookie.
        This poses a security threat. It is strongly recommended that you
        provide a secret to prevent exploits that may be possible from crafted
        cookies. This will not be supported in future versions of Rack, and
        future versions will even invalidate your existing user cookies.

        Called from: /home/isucon/.local/ruby/lib/ruby/gems/2.2.0/gems/rack-1.6.4/lib/rack/builder.rb:86:in `new'.
I, [2016-09-13T09:10:22.404302 #2563]  INFO -- : reaped #<Process::Status: pid 2566 exit 0> worker=0
I, [2016-09-13T09:10:22.404397 #2563]  INFO -- : master complete
I, [2016-09-13T09:10:44.227365 #546]  INFO -- : Refreshing Gem list
I, [2016-09-13T09:10:44.386491 #546]  INFO -- : unlinking existing socket=/home/isucon/webapp/ruby/tmp/ruby.sock
I, [2016-09-13T09:10:44.386619 #546]  INFO -- : listening on addr=/home/isucon/webapp/ruby/tmp/ruby.sock fd=9
I, [2016-09-13T09:10:44.386690 #546]  INFO -- : worker=0 spawning...
I, [2016-09-13T09:10:44.392969 #546]  INFO -- : master process ready
I, [2016-09-13T09:10:44.396052 #1080]  INFO -- : worker=0 spawned pid=1080
I, [2016-09-13T09:10:44.403221 #1080]  INFO -- : worker=0 ready
D, [2016-09-13T09:11:44.593624 #546] DEBUG -- : waiting 31.0s after suspend/hibernation
        SECURITY WARNING: No secret option provided to Rack::Session::Cookie.
        This poses a security threat. It is strongly recommended that you
        provide a secret to prevent exploits that may be possible from crafted
        cookies. This will not be supported in future versions of Rack, and
        future versions will even invalidate your existing user cookies.

        Called from: /home/isucon/.local/ruby/lib/ruby/gems/2.2.0/gems/rack-1.6.4/lib/rack/builder.rb:86:in `new'.
2016-09-13 09:21:58 - Isucon5::PermissionDenied - Isucon5::PermissionDenied:
	/home/isucon/webapp/ruby/app.rb:294:in `block in <class:WebApp>'
	/home/isucon/.local/ruby/lib/ruby/gems/2.2.0/gems/sinatra-1.4.6/lib/sinatra/base.rb:1610:in `call'
	/home/isucon/.local/ruby/lib/ruby/gems/2.2.0/gems/sinatra-1.4.6/lib/sinatra/base.rb:1610:in `block in compile!'
	/home/isucon/.local/ruby/lib/ruby/gems/2.2.0/gems/sinatra-1.4.6/lib/sinatra/base.rb:974:in `[]'
	/home/isucon/.local/ruby/lib/ruby/gems/2.2.0/gems/sinatra-1.4.6/lib/sinatra/base.rb:974:in `block (3 levels) in route!'
	/home/isucon/.local/ruby/lib/ruby/gems/2.2.0/gems/sinatra-1.4.6/lib/sinatra/base.rb:993:in `route_eval'
	/home/isucon/.local/ruby/lib/ruby/gems/2.2.0/gems/sinatra-1.4.6/lib/sinatra/base.rb:974:in `block (2 levels) in route!'
	/home/isucon/.local/ruby/lib/ruby/gems/2.2.0/gems/sinatra-1.4.6/lib/sinatra/base.rb:1014:in `block in process_route'
	/home/isucon/.local/ruby/lib/ruby/gems/2.2.0/gems/sinatra-1.4.6/lib/sinatra/base.rb:1012:in `catch'
	/home/isucon/.local/ruby/lib/ruby/gems/2.2.0/gems/sinatra-1.4.6/lib/sinatra/base.rb:1012:in `process_route'
	/home/isucon/.local/ruby/lib/ruby/gems/2.2.0/gems/sinatra-1.4.6/lib/sinatra/base.rb:972:in `block in route!'
	/home/isucon/.local/ruby/lib/ruby/gems/2.2.0/gems/sinatra-1.4.6/lib/sinatra/base.rb:971:in `each'
	/home/isucon/.local/ruby/lib/ruby/gems/2.2.0/gems/sinatra-1.4.6/lib/sinatra/base.rb:971:in `route!'
	/home/isucon/.local/ruby/lib/ruby/gems/2.2.0/gems/sinatra-1.4.6/lib/sinatra/base.rb:1084:in `block in dispatch!'
	/home/isucon/.local/ruby/lib/ruby/gems/2.2.0/gems/sinatra-1.4.6/lib/sinatra/base.rb:1066:in `block in invoke'
	/home/isucon/.local/ruby/lib/ruby/gems/2.2.0/gems/sinatra-1.4.6/lib/sinatra/base.rb:1066:in `catch'
	/home/isucon/.local/ruby/lib/ruby/gems/2.2.0/gems/sinatra-1.4.6/lib/sinatra/base.rb:1066:in `invoke'
	/home/isucon/.local/ruby/lib/ruby/gems/2.2.0/gems/sinatra-1.4.6/lib/sinatra/base.rb:1081:in `dispatch!'
	/home/isucon/.local/ruby/lib/ruby/gems/2.2.0/gems/sinatra-1.4.6/lib/sinatra/base.rb:906:in `block in call!'
	/home/isucon/.local/ruby/lib/ruby/gems/2.2.0/gems/sinatra-1.4.6/lib/sinatra/base.rb:1066:in `block in invoke'
	/home/isucon/.local/ruby/lib/ruby/gems/2.2.0/gems/sinatra-1.4.6/lib/sinatra/base.rb:1066:in `catch'
	/home/isucon/.local/ruby/lib/ruby/gems/2.2.0/gems/sinatra-1.4.6/lib/sinatra/base.rb:1066:in `invoke'
	/home/isucon/.local/ruby/lib/ruby/gems/2.2.0/gems/sinatra-1.4.6/lib/sinatra/base.rb:906:in `call!'
	/home/isucon/.local/ruby/lib/ruby/gems/2.2.0/gems/sinatra-1.4.6/lib/sinatra/base.rb:894:in `call'
	/home/isucon/.local/ruby/lib/ruby/gems/2.2.0/gems/rack-1.6.4/lib/rack/session/abstract/id.rb:225:in `context'
	/home/isucon/.local/ruby/lib/ruby/gems/2.2.0/gems/rack-1.6.4/lib/rack/session/abstract/id.rb:220:in `call'
	/home/isucon/.local/ruby/lib/ruby/gems/2.2.0/gems/rack-protection-1.5.3/lib/rack/protection/xss_header.rb:18:in `call'
	/home/isucon/.local/ruby/lib/ruby/gems/2.2.0/gems/rack-protection-1.5.3/lib/rack/protection/path_traversal.rb:16:in `call'
	/home/isucon/.local/ruby/lib/ruby/gems/2.2.0/gems/rack-protection-1.5.3/lib/rack/protection/json_csrf.rb:18:in `call'
	/home/isucon/.local/ruby/lib/ruby/gems/2.2.0/gems/rack-protection-1.5.3/lib/rack/protection/base.rb:49:in `call'
	/home/isucon/.local/ruby/lib/ruby/gems/2.2.0/gems/rack-protection-1.5.3/lib/rack/protection/base.rb:49:in `call'
	/home/isucon/.local/ruby/lib/ruby/gems/2.2.0/gems/rack-protection-1.5.3/lib/rack/protection/frame_options.rb:31:in `call'
	/home/isucon/.local/ruby/lib/ruby/gems/2.2.0/gems/rack-1.6.4/lib/rack/nulllogger.rb:9:in `call'
	/home/isucon/.local/ruby/lib/ruby/gems/2.2.0/gems/rack-1.6.4/lib/rack/head.rb:13:in `call'
	/home/isucon/.local/ruby/lib/ruby/gems/2.2.0/gems/sinatra-1.4.6/lib/sinatra/base.rb:181:in `call'
	/home/isucon/.local/ruby/lib/ruby/gems/2.2.0/gems/sinatra-1.4.6/lib/sinatra/base.rb:2021:in `call'
	/home/isucon/.local/ruby/lib/ruby/gems/2.2.0/gems/sinatra-1.4.6/lib/sinatra/base.rb:1486:in `block in call'
	/home/isucon/.local/ruby/lib/ruby/gems/2.2.0/gems/sinatra-1.4.6/lib/sinatra/base.rb:1795:in `synchronize'
	/home/isucon/.local/ruby/lib/ruby/gems/2.2.0/gems/sinatra-1.4.6/lib/sinatra/base.rb:1486:in `call'
	/home/isucon/.local/ruby/lib/ruby/gems/2.2.0/gems/unicorn-4.9.0/lib/unicorn/http_server.rb:580:in `process_client'
	/home/isucon/.local/ruby/lib/ruby/gems/2.2.0/gems/unicorn-4.9.0/lib/unicorn/http_server.rb:674:in `worker_loop'
	/home/isucon/.local/ruby/lib/ruby/gems/2.2.0/gems/unicorn-4.9.0/lib/unicorn/http_server.rb:529:in `spawn_missing_workers'
	/home/isucon/.local/ruby/lib/ruby/gems/2.2.0/gems/unicorn-4.9.0/lib/unicorn/http_server.rb:140:in `start'
	/home/isucon/.local/ruby/lib/ruby/gems/2.2.0/gems/unicorn-4.9.0/bin/unicorn:126:in `<top (required)>'
	/home/isucon/.local/ruby/bin/unicorn:23:in `load'
	/home/isucon/.local/ruby/bin/unicorn:23:in `<top (required)>'
	/home/isucon/.local/ruby/lib/ruby/gems/2.2.0/gems/bundler-1.13.0/lib/bundler/cli/exec.rb:74:in `load'
	/home/isucon/.local/ruby/lib/ruby/gems/2.2.0/gems/bundler-1.13.0/lib/bundler/cli/exec.rb:74:in `kernel_load'
	/home/isucon/.local/ruby/lib/ruby/gems/2.2.0/gems/bundler-1.13.0/lib/bundler/cli/exec.rb:27:in `run'
	/home/isucon/.local/ruby/lib/ruby/gems/2.2.0/gems/bundler-1.13.0/lib/bundler/cli.rb:332:in `exec'
	/home/isucon/.local/ruby/lib/ruby/gems/2.2.0/gems/bundler-1.13.0/lib/bundler/vendor/thor/lib/thor/command.rb:27:in `run'
	/home/isucon/.local/ruby/lib/ruby/gems/2.2.0/gems/bundler-1.13.0/lib/bundler/vendor/thor/lib/thor/invocation.rb:126:in `invoke_command'
	/home/isucon/.local/ruby/lib/ruby/gems/2.2.0/gems/bundler-1.13.0/lib/bundler/vendor/thor/lib/thor.rb:359:in `dispatch'
	/home/isucon/.local/ruby/lib/ruby/gems/2.2.0/gems/bundler-1.13.0/lib/bundler/cli.rb:20:in `dispatch'
	/home/isucon/.local/ruby/lib/ruby/gems/2.2.0/gems/bundler-1.13.0/lib/bundler/vendor/thor/lib/thor/base.rb:440:in `start'
	/home/isucon/.local/ruby/lib/ruby/gems/2.2.0/gems/bundler-1.13.0/lib/bundler/cli.rb:11:in `start'
	/home/isucon/.local/ruby/lib/ruby/gems/2.2.0/gems/bundler-1.13.0/exe/bundle:34:in `block in <top (required)>'
	/home/isucon/.local/ruby/lib/ruby/gems/2.2.0/gems/bundler-1.13.0/lib/bundler/friendly_errors.rb:100:in `with_friendly_errors'
	/home/isucon/.local/ruby/lib/ruby/gems/2.2.0/gems/bundler-1.13.0/exe/bundle:26:in `<top (required)>'
	/home/isucon/.local/ruby/bin/bundle:23:in `load'
	/home/isucon/.local/ruby/bin/bundle:23:in `<main>'
Sinatra::Templates#erubis is deprecated and will be removed, use #erb instead.
If you have Erubis installed, it will be used automatically.
2016-09-13 09:32:13 - Isucon5::PermissionDenied - Isucon5::PermissionDenied:
	/home/isucon/webapp/ruby/app.rb:294:in `block in <class:WebApp>'
	/home/isucon/.local/ruby/lib/ruby/gems/2.2.0/gems/sinatra-1.4.6/lib/sinatra/base.rb:1610:in `call'
	/home/isucon/.local/ruby/lib/ruby/gems/2.2.0/gems/sinatra-1.4.6/lib/sinatra/base.rb:1610:in `block in compile!'
	/home/isucon/.local/ruby/lib/ruby/gems/2.2.0/gems/sinatra-1.4.6/lib/sinatra/base.rb:974:in `[]'
	/home/isucon/.local/ruby/lib/ruby/gems/2.2.0/gems/sinatra-1.4.6/lib/sinatra/base.rb:974:in `block (3 levels) in route!'
	/home/isucon/.local/ruby/lib/ruby/gems/2.2.0/gems/sinatra-1.4.6/lib/sinatra/base.rb:993:in `route_eval'
	/home/isucon/.local/ruby/lib/ruby/gems/2.2.0/gems/sinatra-1.4.6/lib/sinatra/base.rb:974:in `block (2 levels) in route!'
	/home/isucon/.local/ruby/lib/ruby/gems/2.2.0/gems/sinatra-1.4.6/lib/sinatra/base.rb:1014:in `block in process_route'
	/home/isucon/.local/ruby/lib/ruby/gems/2.2.0/gems/sinatra-1.4.6/lib/sinatra/base.rb:1012:in `catch'
	/home/isucon/.local/ruby/lib/ruby/gems/2.2.0/gems/sinatra-1.4.6/lib/sinatra/base.rb:1012:in `process_route'
	/home/isucon/.local/ruby/lib/ruby/gems/2.2.0/gems/sinatra-1.4.6/lib/sinatra/base.rb:972:in `block in route!'
	/home/isucon/.local/ruby/lib/ruby/gems/2.2.0/gems/sinatra-1.4.6/lib/sinatra/base.rb:971:in `each'
	/home/isucon/.local/ruby/lib/ruby/gems/2.2.0/gems/sinatra-1.4.6/lib/sinatra/base.rb:971:in `route!'
	/home/isucon/.local/ruby/lib/ruby/gems/2.2.0/gems/sinatra-1.4.6/lib/sinatra/base.rb:1084:in `block in dispatch!'
	/home/isucon/.local/ruby/lib/ruby/gems/2.2.0/gems/sinatra-1.4.6/lib/sinatra/base.rb:1066:in `block in invoke'
	/home/isucon/.local/ruby/lib/ruby/gems/2.2.0/gems/sinatra-1.4.6/lib/sinatra/base.rb:1066:in `catch'
	/home/isucon/.local/ruby/lib/ruby/gems/2.2.0/gems/sinatra-1.4.6/lib/sinatra/base.rb:1066:in `invoke'
	/home/isucon/.local/ruby/lib/ruby/gems/2.2.0/gems/sinatra-1.4.6/lib/sinatra/base.rb:1081:in `dispatch!'
	/home/isucon/.local/ruby/lib/ruby/gems/2.2.0/gems/sinatra-1.4.6/lib/sinatra/base.rb:906:in `block in call!'
	/home/isucon/.local/ruby/lib/ruby/gems/2.2.0/gems/sinatra-1.4.6/lib/sinatra/base.rb:1066:in `block in invoke'
	/home/isucon/.local/ruby/lib/ruby/gems/2.2.0/gems/sinatra-1.4.6/lib/sinatra/base.rb:1066:in `catch'
	/home/isucon/.local/ruby/lib/ruby/gems/2.2.0/gems/sinatra-1.4.6/lib/sinatra/base.rb:1066:in `invoke'
	/home/isucon/.local/ruby/lib/ruby/gems/2.2.0/gems/sinatra-1.4.6/lib/sinatra/base.rb:906:in `call!'
	/home/isucon/.local/ruby/lib/ruby/gems/2.2.0/gems/sinatra-1.4.6/lib/sinatra/base.rb:894:in `call'
	/home/isucon/.local/ruby/lib/ruby/gems/2.2.0/gems/rack-1.6.4/lib/rack/session/abstract/id.rb:225:in `context'
	/home/isucon/.local/ruby/lib/ruby/gems/2.2.0/gems/rack-1.6.4/lib/rack/session/abstract/id.rb:220:in `call'
	/home/isucon/.local/ruby/lib/ruby/gems/2.2.0/gems/rack-protection-1.5.3/lib/rack/protection/xss_header.rb:18:in `call'
	/home/isucon/.local/ruby/lib/ruby/gems/2.2.0/gems/rack-protection-1.5.3/lib/rack/protection/path_traversal.rb:16:in `call'
	/home/isucon/.local/ruby/lib/ruby/gems/2.2.0/gems/rack-protection-1.5.3/lib/rack/protection/json_csrf.rb:18:in `call'
	/home/isucon/.local/ruby/lib/ruby/gems/2.2.0/gems/rack-protection-1.5.3/lib/rack/protection/base.rb:49:in `call'
	/home/isucon/.local/ruby/lib/ruby/gems/2.2.0/gems/rack-protection-1.5.3/lib/rack/protection/base.rb:49:in `call'
	/home/isucon/.local/ruby/lib/ruby/gems/2.2.0/gems/rack-protection-1.5.3/lib/rack/protection/frame_options.rb:31:in `call'
	/home/isucon/.local/ruby/lib/ruby/gems/2.2.0/gems/rack-1.6.4/lib/rack/nulllogger.rb:9:in `call'
	/home/isucon/.local/ruby/lib/ruby/gems/2.2.0/gems/rack-1.6.4/lib/rack/head.rb:13:in `call'
	/home/isucon/.local/ruby/lib/ruby/gems/2.2.0/gems/sinatra-1.4.6/lib/sinatra/base.rb:181:in `call'
	/home/isucon/.local/ruby/lib/ruby/gems/2.2.0/gems/sinatra-1.4.6/lib/sinatra/base.rb:2021:in `call'
	/home/isucon/.local/ruby/lib/ruby/gems/2.2.0/gems/sinatra-1.4.6/lib/sinatra/base.rb:1486:in `block in call'
	/home/isucon/.local/ruby/lib/ruby/gems/2.2.0/gems/sinatra-1.4.6/lib/sinatra/base.rb:1795:in `synchronize'
	/home/isucon/.local/ruby/lib/ruby/gems/2.2.0/gems/sinatra-1.4.6/lib/sinatra/base.rb:1486:in `call'
	/home/isucon/.local/ruby/lib/ruby/gems/2.2.0/gems/unicorn-4.9.0/lib/unicorn/http_server.rb:580:in `process_client'
	/home/isucon/.local/ruby/lib/ruby/gems/2.2.0/gems/unicorn-4.9.0/lib/unicorn/http_server.rb:674:in `worker_loop'
	/home/isucon/.local/ruby/lib/ruby/gems/2.2.0/gems/unicorn-4.9.0/lib/unicorn/http_server.rb:529:in `spawn_missing_workers'
	/home/isucon/.local/ruby/lib/ruby/gems/2.2.0/gems/unicorn-4.9.0/lib/unicorn/http_server.rb:140:in `start'
	/home/isucon/.local/ruby/lib/ruby/gems/2.2.0/gems/unicorn-4.9.0/bin/unicorn:126:in `<top (required)>'
	/home/isucon/.local/ruby/bin/unicorn:23:in `load'
	/home/isucon/.local/ruby/bin/unicorn:23:in `<top (required)>'
	/home/isucon/.local/ruby/lib/ruby/gems/2.2.0/gems/bundler-1.13.0/lib/bundler/cli/exec.rb:74:in `load'
	/home/isucon/.local/ruby/lib/ruby/gems/2.2.0/gems/bundler-1.13.0/lib/bundler/cli/exec.rb:74:in `kernel_load'
	/home/isucon/.local/ruby/lib/ruby/gems/2.2.0/gems/bundler-1.13.0/lib/bundler/cli/exec.rb:27:in `run'
	/home/isucon/.local/ruby/lib/ruby/gems/2.2.0/gems/bundler-1.13.0/lib/bundler/cli.rb:332:in `exec'
	/home/isucon/.local/ruby/lib/ruby/gems/2.2.0/gems/bundler-1.13.0/lib/bundler/vendor/thor/lib/thor/command.rb:27:in `run'
	/home/isucon/.local/ruby/lib/ruby/gems/2.2.0/gems/bundler-1.13.0/lib/bundler/vendor/thor/lib/thor/invocation.rb:126:in `invoke_command'
	/home/isucon/.local/ruby/lib/ruby/gems/2.2.0/gems/bundler-1.13.0/lib/bundler/vendor/thor/lib/thor.rb:359:in `dispatch'
	/home/isucon/.local/ruby/lib/ruby/gems/2.2.0/gems/bundler-1.13.0/lib/bundler/cli.rb:20:in `dispatch'
	/home/isucon/.local/ruby/lib/ruby/gems/2.2.0/gems/bundler-1.13.0/lib/bundler/vendor/thor/lib/thor/base.rb:440:in `start'
	/home/isucon/.local/ruby/lib/ruby/gems/2.2.0/gems/bundler-1.13.0/lib/bundler/cli.rb:11:in `start'
	/home/isucon/.local/ruby/lib/ruby/gems/2.2.0/gems/bundler-1.13.0/exe/bundle:34:in `block in <top (required)>'
	/home/isucon/.local/ruby/lib/ruby/gems/2.2.0/gems/bundler-1.13.0/lib/bundler/friendly_errors.rb:100:in `with_friendly_errors'
	/home/isucon/.local/ruby/lib/ruby/gems/2.2.0/gems/bundler-1.13.0/exe/bundle:26:in `<top (required)>'
	/home/isucon/.local/ruby/bin/bundle:23:in `load'
	/home/isucon/.local/ruby/bin/bundle:23:in `<main>'
Sinatra::Templates#erubis is deprecated and will be removed, use #erb instead.
If you have Erubis installed, it will be used automatically.
2016-09-13 09:38:45 - Isucon5::PermissionDenied - Isucon5::PermissionDenied:
	/home/isucon/webapp/ruby/app.rb:294:in `block in <class:WebApp>'
	/home/isucon/.local/ruby/lib/ruby/gems/2.2.0/gems/sinatra-1.4.6/lib/sinatra/base.rb:1610:in `call'
	/home/isucon/.local/ruby/lib/ruby/gems/2.2.0/gems/sinatra-1.4.6/lib/sinatra/base.rb:1610:in `block in compile!'
	/home/isucon/.local/ruby/lib/ruby/gems/2.2.0/gems/sinatra-1.4.6/lib/sinatra/base.rb:974:in `[]'
	/home/isucon/.local/ruby/lib/ruby/gems/2.2.0/gems/sinatra-1.4.6/lib/sinatra/base.rb:974:in `block (3 levels) in route!'
	/home/isucon/.local/ruby/lib/ruby/gems/2.2.0/gems/sinatra-1.4.6/lib/sinatra/base.rb:993:in `route_eval'
	/home/isucon/.local/ruby/lib/ruby/gems/2.2.0/gems/sinatra-1.4.6/lib/sinatra/base.rb:974:in `block (2 levels) in route!'
	/home/isucon/.local/ruby/lib/ruby/gems/2.2.0/gems/sinatra-1.4.6/lib/sinatra/base.rb:1014:in `block in process_route'
	/home/isucon/.local/ruby/lib/ruby/gems/2.2.0/gems/sinatra-1.4.6/lib/sinatra/base.rb:1012:in `catch'
	/home/isucon/.local/ruby/lib/ruby/gems/2.2.0/gems/sinatra-1.4.6/lib/sinatra/base.rb:1012:in `process_route'
	/home/isucon/.local/ruby/lib/ruby/gems/2.2.0/gems/sinatra-1.4.6/lib/sinatra/base.rb:972:in `block in route!'
	/home/isucon/.local/ruby/lib/ruby/gems/2.2.0/gems/sinatra-1.4.6/lib/sinatra/base.rb:971:in `each'
	/home/isucon/.local/ruby/lib/ruby/gems/2.2.0/gems/sinatra-1.4.6/lib/sinatra/base.rb:971:in `route!'
	/home/isucon/.local/ruby/lib/ruby/gems/2.2.0/gems/sinatra-1.4.6/lib/sinatra/base.rb:1084:in `block in dispatch!'
	/home/isucon/.local/ruby/lib/ruby/gems/2.2.0/gems/sinatra-1.4.6/lib/sinatra/base.rb:1066:in `block in invoke'
	/home/isucon/.local/ruby/lib/ruby/gems/2.2.0/gems/sinatra-1.4.6/lib/sinatra/base.rb:1066:in `catch'
	/home/isucon/.local/ruby/lib/ruby/gems/2.2.0/gems/sinatra-1.4.6/lib/sinatra/base.rb:1066:in `invoke'
	/home/isucon/.local/ruby/lib/ruby/gems/2.2.0/gems/sinatra-1.4.6/lib/sinatra/base.rb:1081:in `dispatch!'
	/home/isucon/.local/ruby/lib/ruby/gems/2.2.0/gems/sinatra-1.4.6/lib/sinatra/base.rb:906:in `block in call!'
	/home/isucon/.local/ruby/lib/ruby/gems/2.2.0/gems/sinatra-1.4.6/lib/sinatra/base.rb:1066:in `block in invoke'
	/home/isucon/.local/ruby/lib/ruby/gems/2.2.0/gems/sinatra-1.4.6/lib/sinatra/base.rb:1066:in `catch'
	/home/isucon/.local/ruby/lib/ruby/gems/2.2.0/gems/sinatra-1.4.6/lib/sinatra/base.rb:1066:in `invoke'
	/home/isucon/.local/ruby/lib/ruby/gems/2.2.0/gems/sinatra-1.4.6/lib/sinatra/base.rb:906:in `call!'
	/home/isucon/.local/ruby/lib/ruby/gems/2.2.0/gems/sinatra-1.4.6/lib/sinatra/base.rb:894:in `call'
	/home/isucon/.local/ruby/lib/ruby/gems/2.2.0/gems/rack-1.6.4/lib/rack/session/abstract/id.rb:225:in `context'
	/home/isucon/.local/ruby/lib/ruby/gems/2.2.0/gems/rack-1.6.4/lib/rack/session/abstract/id.rb:220:in `call'
	/home/isucon/.local/ruby/lib/ruby/gems/2.2.0/gems/rack-protection-1.5.3/lib/rack/protection/xss_header.rb:18:in `call'
	/home/isucon/.local/ruby/lib/ruby/gems/2.2.0/gems/rack-protection-1.5.3/lib/rack/protection/path_traversal.rb:16:in `call'
	/home/isucon/.local/ruby/lib/ruby/gems/2.2.0/gems/rack-protection-1.5.3/lib/rack/protection/json_csrf.rb:18:in `call'
	/home/isucon/.local/ruby/lib/ruby/gems/2.2.0/gems/rack-protection-1.5.3/lib/rack/protection/base.rb:49:in `call'
	/home/isucon/.local/ruby/lib/ruby/gems/2.2.0/gems/rack-protection-1.5.3/lib/rack/protection/base.rb:49:in `call'
	/home/isucon/.local/ruby/lib/ruby/gems/2.2.0/gems/rack-protection-1.5.3/lib/rack/protection/frame_options.rb:31:in `call'
	/home/isucon/.local/ruby/lib/ruby/gems/2.2.0/gems/rack-1.6.4/lib/rack/nulllogger.rb:9:in `call'
	/home/isucon/.local/ruby/lib/ruby/gems/2.2.0/gems/rack-1.6.4/lib/rack/head.rb:13:in `call'
	/home/isucon/.local/ruby/lib/ruby/gems/2.2.0/gems/sinatra-1.4.6/lib/sinatra/base.rb:181:in `call'
	/home/isucon/.local/ruby/lib/ruby/gems/2.2.0/gems/sinatra-1.4.6/lib/sinatra/base.rb:2021:in `call'
	/home/isucon/.local/ruby/lib/ruby/gems/2.2.0/gems/sinatra-1.4.6/lib/sinatra/base.rb:1486:in `block in call'
	/home/isucon/.local/ruby/lib/ruby/gems/2.2.0/gems/sinatra-1.4.6/lib/sinatra/base.rb:1795:in `synchronize'
	/home/isucon/.local/ruby/lib/ruby/gems/2.2.0/gems/sinatra-1.4.6/lib/sinatra/base.rb:1486:in `call'
	/home/isucon/.local/ruby/lib/ruby/gems/2.2.0/gems/unicorn-4.9.0/lib/unicorn/http_server.rb:580:in `process_client'
	/home/isucon/.local/ruby/lib/ruby/gems/2.2.0/gems/unicorn-4.9.0/lib/unicorn/http_server.rb:674:in `worker_loop'
	/home/isucon/.local/ruby/lib/ruby/gems/2.2.0/gems/unicorn-4.9.0/lib/unicorn/http_server.rb:529:in `spawn_missing_workers'
	/home/isucon/.local/ruby/lib/ruby/gems/2.2.0/gems/unicorn-4.9.0/lib/unicorn/http_server.rb:140:in `start'
	/home/isucon/.local/ruby/lib/ruby/gems/2.2.0/gems/unicorn-4.9.0/bin/unicorn:126:in `<top (required)>'
	/home/isucon/.local/ruby/bin/unicorn:23:in `load'
	/home/isucon/.local/ruby/bin/unicorn:23:in `<top (required)>'
	/home/isucon/.local/ruby/lib/ruby/gems/2.2.0/gems/bundler-1.13.0/lib/bundler/cli/exec.rb:74:in `load'
	/home/isucon/.local/ruby/lib/ruby/gems/2.2.0/gems/bundler-1.13.0/lib/bundler/cli/exec.rb:74:in `kernel_load'
	/home/isucon/.local/ruby/lib/ruby/gems/2.2.0/gems/bundler-1.13.0/lib/bundler/cli/exec.rb:27:in `run'
	/home/isucon/.local/ruby/lib/ruby/gems/2.2.0/gems/bundler-1.13.0/lib/bundler/cli.rb:332:in `exec'
	/home/isucon/.local/ruby/lib/ruby/gems/2.2.0/gems/bundler-1.13.0/lib/bundler/vendor/thor/lib/thor/command.rb:27:in `run'
	/home/isucon/.local/ruby/lib/ruby/gems/2.2.0/gems/bundler-1.13.0/lib/bundler/vendor/thor/lib/thor/invocation.rb:126:in `invoke_command'
	/home/isucon/.local/ruby/lib/ruby/gems/2.2.0/gems/bundler-1.13.0/lib/bundler/vendor/thor/lib/thor.rb:359:in `dispatch'
	/home/isucon/.local/ruby/lib/ruby/gems/2.2.0/gems/bundler-1.13.0/lib/bundler/cli.rb:20:in `dispatch'
	/home/isucon/.local/ruby/lib/ruby/gems/2.2.0/gems/bundler-1.13.0/lib/bundler/vendor/thor/lib/thor/base.rb:440:in `start'
	/home/isucon/.local/ruby/lib/ruby/gems/2.2.0/gems/bundler-1.13.0/lib/bundler/cli.rb:11:in `start'
	/home/isucon/.local/ruby/lib/ruby/gems/2.2.0/gems/bundler-1.13.0/exe/bundle:34:in `block in <top (required)>'
	/home/isucon/.local/ruby/lib/ruby/gems/2.2.0/gems/bundler-1.13.0/lib/bundler/friendly_errors.rb:100:in `with_friendly_errors'
	/home/isucon/.local/ruby/lib/ruby/gems/2.2.0/gems/bundler-1.13.0/exe/bundle:26:in `<top (required)>'
	/home/isucon/.local/ruby/bin/bundle:23:in `load'
	/home/isucon/.local/ruby/bin/bundle:23:in `<main>'
Sinatra::Templates#erubis is deprecated and will be removed, use #erb instead.
If you have Erubis installed, it will be used automatically.
2016-09-13 10:05:07 - Isucon5::PermissionDenied - Isucon5::PermissionDenied:
	/home/isucon/webapp/ruby/app.rb:294:in `block in <class:WebApp>'
	/home/isucon/.local/ruby/lib/ruby/gems/2.2.0/gems/sinatra-1.4.6/lib/sinatra/base.rb:1610:in `call'
	/home/isucon/.local/ruby/lib/ruby/gems/2.2.0/gems/sinatra-1.4.6/lib/sinatra/base.rb:1610:in `block in compile!'
	/home/isucon/.local/ruby/lib/ruby/gems/2.2.0/gems/sinatra-1.4.6/lib/sinatra/base.rb:974:in `[]'
	/home/isucon/.local/ruby/lib/ruby/gems/2.2.0/gems/sinatra-1.4.6/lib/sinatra/base.rb:974:in `block (3 levels) in route!'
	/home/isucon/.local/ruby/lib/ruby/gems/2.2.0/gems/sinatra-1.4.6/lib/sinatra/base.rb:993:in `route_eval'
	/home/isucon/.local/ruby/lib/ruby/gems/2.2.0/gems/sinatra-1.4.6/lib/sinatra/base.rb:974:in `block (2 levels) in route!'
	/home/isucon/.local/ruby/lib/ruby/gems/2.2.0/gems/sinatra-1.4.6/lib/sinatra/base.rb:1014:in `block in process_route'
	/home/isucon/.local/ruby/lib/ruby/gems/2.2.0/gems/sinatra-1.4.6/lib/sinatra/base.rb:1012:in `catch'
	/home/isucon/.local/ruby/lib/ruby/gems/2.2.0/gems/sinatra-1.4.6/lib/sinatra/base.rb:1012:in `process_route'
	/home/isucon/.local/ruby/lib/ruby/gems/2.2.0/gems/sinatra-1.4.6/lib/sinatra/base.rb:972:in `block in route!'
	/home/isucon/.local/ruby/lib/ruby/gems/2.2.0/gems/sinatra-1.4.6/lib/sinatra/base.rb:971:in `each'
	/home/isucon/.local/ruby/lib/ruby/gems/2.2.0/gems/sinatra-1.4.6/lib/sinatra/base.rb:971:in `route!'
	/home/isucon/.local/ruby/lib/ruby/gems/2.2.0/gems/sinatra-1.4.6/lib/sinatra/base.rb:1084:in `block in dispatch!'
	/home/isucon/.local/ruby/lib/ruby/gems/2.2.0/gems/sinatra-1.4.6/lib/sinatra/base.rb:1066:in `block in invoke'
	/home/isucon/.local/ruby/lib/ruby/gems/2.2.0/gems/sinatra-1.4.6/lib/sinatra/base.rb:1066:in `catch'
	/home/isucon/.local/ruby/lib/ruby/gems/2.2.0/gems/sinatra-1.4.6/lib/sinatra/base.rb:1066:in `invoke'
	/home/isucon/.local/ruby/lib/ruby/gems/2.2.0/gems/sinatra-1.4.6/lib/sinatra/base.rb:1081:in `dispatch!'
	/home/isucon/.local/ruby/lib/ruby/gems/2.2.0/gems/sinatra-1.4.6/lib/sinatra/base.rb:906:in `block in call!'
	/home/isucon/.local/ruby/lib/ruby/gems/2.2.0/gems/sinatra-1.4.6/lib/sinatra/base.rb:1066:in `block in invoke'
	/home/isucon/.local/ruby/lib/ruby/gems/2.2.0/gems/sinatra-1.4.6/lib/sinatra/base.rb:1066:in `catch'
	/home/isucon/.local/ruby/lib/ruby/gems/2.2.0/gems/sinatra-1.4.6/lib/sinatra/base.rb:1066:in `invoke'
	/home/isucon/.local/ruby/lib/ruby/gems/2.2.0/gems/sinatra-1.4.6/lib/sinatra/base.rb:906:in `call!'
	/home/isucon/.local/ruby/lib/ruby/gems/2.2.0/gems/sinatra-1.4.6/lib/sinatra/base.rb:894:in `call'
	/home/isucon/.local/ruby/lib/ruby/gems/2.2.0/gems/rack-1.6.4/lib/rack/session/abstract/id.rb:225:in `context'
	/home/isucon/.local/ruby/lib/ruby/gems/2.2.0/gems/rack-1.6.4/lib/rack/session/abstract/id.rb:220:in `call'
	/home/isucon/.local/ruby/lib/ruby/gems/2.2.0/gems/rack-protection-1.5.3/lib/rack/protection/xss_header.rb:18:in `call'
	/home/isucon/.local/ruby/lib/ruby/gems/2.2.0/gems/rack-protection-1.5.3/lib/rack/protection/path_traversal.rb:16:in `call'
	/home/isucon/.local/ruby/lib/ruby/gems/2.2.0/gems/rack-protection-1.5.3/lib/rack/protection/json_csrf.rb:18:in `call'
	/home/isucon/.local/ruby/lib/ruby/gems/2.2.0/gems/rack-protection-1.5.3/lib/rack/protection/base.rb:49:in `call'
	/home/isucon/.local/ruby/lib/ruby/gems/2.2.0/gems/rack-protection-1.5.3/lib/rack/protection/base.rb:49:in `call'
	/home/isucon/.local/ruby/lib/ruby/gems/2.2.0/gems/rack-protection-1.5.3/lib/rack/protection/frame_options.rb:31:in `call'
	/home/isucon/.local/ruby/lib/ruby/gems/2.2.0/gems/rack-1.6.4/lib/rack/nulllogger.rb:9:in `call'
	/home/isucon/.local/ruby/lib/ruby/gems/2.2.0/gems/rack-1.6.4/lib/rack/head.rb:13:in `call'
	/home/isucon/.local/ruby/lib/ruby/gems/2.2.0/gems/sinatra-1.4.6/lib/sinatra/base.rb:181:in `call'
	/home/isucon/.local/ruby/lib/ruby/gems/2.2.0/gems/sinatra-1.4.6/lib/sinatra/base.rb:2021:in `call'
	/home/isucon/.local/ruby/lib/ruby/gems/2.2.0/gems/sinatra-1.4.6/lib/sinatra/base.rb:1486:in `block in call'
	/home/isucon/.local/ruby/lib/ruby/gems/2.2.0/gems/sinatra-1.4.6/lib/sinatra/base.rb:1795:in `synchronize'
	/home/isucon/.local/ruby/lib/ruby/gems/2.2.0/gems/sinatra-1.4.6/lib/sinatra/base.rb:1486:in `call'
	/home/isucon/.local/ruby/lib/ruby/gems/2.2.0/gems/unicorn-4.9.0/lib/unicorn/http_server.rb:580:in `process_client'
	/home/isucon/.local/ruby/lib/ruby/gems/2.2.0/gems/unicorn-4.9.0/lib/unicorn/http_server.rb:674:in `worker_loop'
	/home/isucon/.local/ruby/lib/ruby/gems/2.2.0/gems/unicorn-4.9.0/lib/unicorn/http_server.rb:529:in `spawn_missing_workers'
	/home/isucon/.local/ruby/lib/ruby/gems/2.2.0/gems/unicorn-4.9.0/lib/unicorn/http_server.rb:140:in `start'
	/home/isucon/.local/ruby/lib/ruby/gems/2.2.0/gems/unicorn-4.9.0/bin/unicorn:126:in `<top (required)>'
	/home/isucon/.local/ruby/bin/unicorn:23:in `load'
	/home/isucon/.local/ruby/bin/unicorn:23:in `<top (required)>'
	/home/isucon/.local/ruby/lib/ruby/gems/2.2.0/gems/bundler-1.13.0/lib/bundler/cli/exec.rb:74:in `load'
	/home/isucon/.local/ruby/lib/ruby/gems/2.2.0/gems/bundler-1.13.0/lib/bundler/cli/exec.rb:74:in `kernel_load'
	/home/isucon/.local/ruby/lib/ruby/gems/2.2.0/gems/bundler-1.13.0/lib/bundler/cli/exec.rb:27:in `run'
	/home/isucon/.local/ruby/lib/ruby/gems/2.2.0/gems/bundler-1.13.0/lib/bundler/cli.rb:332:in `exec'
	/home/isucon/.local/ruby/lib/ruby/gems/2.2.0/gems/bundler-1.13.0/lib/bundler/vendor/thor/lib/thor/command.rb:27:in `run'
	/home/isucon/.local/ruby/lib/ruby/gems/2.2.0/gems/bundler-1.13.0/lib/bundler/vendor/thor/lib/thor/invocation.rb:126:in `invoke_command'
	/home/isucon/.local/ruby/lib/ruby/gems/2.2.0/gems/bundler-1.13.0/lib/bundler/vendor/thor/lib/thor.rb:359:in `dispatch'
	/home/isucon/.local/ruby/lib/ruby/gems/2.2.0/gems/bundler-1.13.0/lib/bundler/cli.rb:20:in `dispatch'
	/home/isucon/.local/ruby/lib/ruby/gems/2.2.0/gems/bundler-1.13.0/lib/bundler/vendor/thor/lib/thor/base.rb:440:in `start'
	/home/isucon/.local/ruby/lib/ruby/gems/2.2.0/gems/bundler-1.13.0/lib/bundler/cli.rb:11:in `start'
	/home/isucon/.local/ruby/lib/ruby/gems/2.2.0/gems/bundler-1.13.0/exe/bundle:34:in `block in <top (required)>'
	/home/isucon/.local/ruby/lib/ruby/gems/2.2.0/gems/bundler-1.13.0/lib/bundler/friendly_errors.rb:100:in `with_friendly_errors'
	/home/isucon/.local/ruby/lib/ruby/gems/2.2.0/gems/bundler-1.13.0/exe/bundle:26:in `<top (required)>'
	/home/isucon/.local/ruby/bin/bundle:23:in `load'
	/home/isucon/.local/ruby/bin/bundle:23:in `<main>'
Sinatra::Templates#erubis is deprecated and will be removed, use #erb instead.
If you have Erubis installed, it will be used automatically.
I, [2016-09-13T10:15:55.188104 #546]  INFO -- : reaped #<Process::Status: pid 1080 exit 0> worker=0
I, [2016-09-13T10:15:55.188205 #546]  INFO -- : master complete
I, [2016-09-13T10:16:19.118117 #506]  INFO -- : Refreshing Gem list
I, [2016-09-13T10:16:19.389968 #506]  INFO -- : unlinking existing socket=/home/isucon/webapp/ruby/tmp/ruby.sock
I, [2016-09-13T10:16:19.390134 #506]  INFO -- : listening on addr=/home/isucon/webapp/ruby/tmp/ruby.sock fd=9
I, [2016-09-13T10:16:19.390223 #506]  INFO -- : worker=0 spawning...
I, [2016-09-13T10:16:19.403174 #506]  INFO -- : master process ready
I, [2016-09-13T10:16:19.403900 #1088]  INFO -- : worker=0 spawned pid=1088
I, [2016-09-13T10:16:19.407527 #1088]  INFO -- : worker=0 ready
D, [2016-09-13T10:17:19.944192 #506] DEBUG -- : waiting 31.0s after suspend/hibernation
        SECURITY WARNING: No secret option provided to Rack::Session::Cookie.
        This poses a security threat. It is strongly recommended that you
        provide a secret to prevent exploits that may be possible from crafted
        cookies. This will not be supported in future versions of Rack, and
        future versions will even invalidate your existing user cookies.

        Called from: /home/isucon/.local/ruby/lib/ruby/gems/2.2.0/gems/rack-1.6.4/lib/rack/builder.rb:86:in `new'.
2016-09-13 10:17:37 - Isucon5::PermissionDenied - Isucon5::PermissionDenied:
	/home/isucon/webapp/ruby/app.rb:294:in `block in <class:WebApp>'
	/home/isucon/.local/ruby/lib/ruby/gems/2.2.0/gems/sinatra-1.4.6/lib/sinatra/base.rb:1610:in `call'
	/home/isucon/.local/ruby/lib/ruby/gems/2.2.0/gems/sinatra-1.4.6/lib/sinatra/base.rb:1610:in `block in compile!'
	/home/isucon/.local/ruby/lib/ruby/gems/2.2.0/gems/sinatra-1.4.6/lib/sinatra/base.rb:974:in `[]'
	/home/isucon/.local/ruby/lib/ruby/gems/2.2.0/gems/sinatra-1.4.6/lib/sinatra/base.rb:974:in `block (3 levels) in route!'
	/home/isucon/.local/ruby/lib/ruby/gems/2.2.0/gems/sinatra-1.4.6/lib/sinatra/base.rb:993:in `route_eval'
	/home/isucon/.local/ruby/lib/ruby/gems/2.2.0/gems/sinatra-1.4.6/lib/sinatra/base.rb:974:in `block (2 levels) in route!'
	/home/isucon/.local/ruby/lib/ruby/gems/2.2.0/gems/sinatra-1.4.6/lib/sinatra/base.rb:1014:in `block in process_route'
	/home/isucon/.local/ruby/lib/ruby/gems/2.2.0/gems/sinatra-1.4.6/lib/sinatra/base.rb:1012:in `catch'
	/home/isucon/.local/ruby/lib/ruby/gems/2.2.0/gems/sinatra-1.4.6/lib/sinatra/base.rb:1012:in `process_route'
	/home/isucon/.local/ruby/lib/ruby/gems/2.2.0/gems/sinatra-1.4.6/lib/sinatra/base.rb:972:in `block in route!'
	/home/isucon/.local/ruby/lib/ruby/gems/2.2.0/gems/sinatra-1.4.6/lib/sinatra/base.rb:971:in `each'
	/home/isucon/.local/ruby/lib/ruby/gems/2.2.0/gems/sinatra-1.4.6/lib/sinatra/base.rb:971:in `route!'
	/home/isucon/.local/ruby/lib/ruby/gems/2.2.0/gems/sinatra-1.4.6/lib/sinatra/base.rb:1084:in `block in dispatch!'
	/home/isucon/.local/ruby/lib/ruby/gems/2.2.0/gems/sinatra-1.4.6/lib/sinatra/base.rb:1066:in `block in invoke'
	/home/isucon/.local/ruby/lib/ruby/gems/2.2.0/gems/sinatra-1.4.6/lib/sinatra/base.rb:1066:in `catch'
	/home/isucon/.local/ruby/lib/ruby/gems/2.2.0/gems/sinatra-1.4.6/lib/sinatra/base.rb:1066:in `invoke'
	/home/isucon/.local/ruby/lib/ruby/gems/2.2.0/gems/sinatra-1.4.6/lib/sinatra/base.rb:1081:in `dispatch!'
	/home/isucon/.local/ruby/lib/ruby/gems/2.2.0/gems/sinatra-1.4.6/lib/sinatra/base.rb:906:in `block in call!'
	/home/isucon/.local/ruby/lib/ruby/gems/2.2.0/gems/sinatra-1.4.6/lib/sinatra/base.rb:1066:in `block in invoke'
	/home/isucon/.local/ruby/lib/ruby/gems/2.2.0/gems/sinatra-1.4.6/lib/sinatra/base.rb:1066:in `catch'
	/home/isucon/.local/ruby/lib/ruby/gems/2.2.0/gems/sinatra-1.4.6/lib/sinatra/base.rb:1066:in `invoke'
	/home/isucon/.local/ruby/lib/ruby/gems/2.2.0/gems/sinatra-1.4.6/lib/sinatra/base.rb:906:in `call!'
	/home/isucon/.local/ruby/lib/ruby/gems/2.2.0/gems/sinatra-1.4.6/lib/sinatra/base.rb:894:in `call'
	/home/isucon/.local/ruby/lib/ruby/gems/2.2.0/gems/rack-1.6.4/lib/rack/session/abstract/id.rb:225:in `context'
	/home/isucon/.local/ruby/lib/ruby/gems/2.2.0/gems/rack-1.6.4/lib/rack/session/abstract/id.rb:220:in `call'
	/home/isucon/.local/ruby/lib/ruby/gems/2.2.0/gems/rack-protection-1.5.3/lib/rack/protection/xss_header.rb:18:in `call'
	/home/isucon/.local/ruby/lib/ruby/gems/2.2.0/gems/rack-protection-1.5.3/lib/rack/protection/path_traversal.rb:16:in `call'
	/home/isucon/.local/ruby/lib/ruby/gems/2.2.0/gems/rack-protection-1.5.3/lib/rack/protection/json_csrf.rb:18:in `call'
	/home/isucon/.local/ruby/lib/ruby/gems/2.2.0/gems/rack-protection-1.5.3/lib/rack/protection/base.rb:49:in `call'
	/home/isucon/.local/ruby/lib/ruby/gems/2.2.0/gems/rack-protection-1.5.3/lib/rack/protection/base.rb:49:in `call'
	/home/isucon/.local/ruby/lib/ruby/gems/2.2.0/gems/rack-protection-1.5.3/lib/rack/protection/frame_options.rb:31:in `call'
	/home/isucon/.local/ruby/lib/ruby/gems/2.2.0/gems/rack-1.6.4/lib/rack/nulllogger.rb:9:in `call'
	/home/isucon/.local/ruby/lib/ruby/gems/2.2.0/gems/rack-1.6.4/lib/rack/head.rb:13:in `call'
	/home/isucon/.local/ruby/lib/ruby/gems/2.2.0/gems/sinatra-1.4.6/lib/sinatra/base.rb:181:in `call'
	/home/isucon/.local/ruby/lib/ruby/gems/2.2.0/gems/sinatra-1.4.6/lib/sinatra/base.rb:2021:in `call'
	/home/isucon/.local/ruby/lib/ruby/gems/2.2.0/gems/sinatra-1.4.6/lib/sinatra/base.rb:1486:in `block in call'
	/home/isucon/.local/ruby/lib/ruby/gems/2.2.0/gems/sinatra-1.4.6/lib/sinatra/base.rb:1795:in `synchronize'
	/home/isucon/.local/ruby/lib/ruby/gems/2.2.0/gems/sinatra-1.4.6/lib/sinatra/base.rb:1486:in `call'
	/home/isucon/.local/ruby/lib/ruby/gems/2.2.0/gems/unicorn-4.9.0/lib/unicorn/http_server.rb:580:in `process_client'
	/home/isucon/.local/ruby/lib/ruby/gems/2.2.0/gems/unicorn-4.9.0/lib/unicorn/http_server.rb:674:in `worker_loop'
	/home/isucon/.local/ruby/lib/ruby/gems/2.2.0/gems/unicorn-4.9.0/lib/unicorn/http_server.rb:529:in `spawn_missing_workers'
	/home/isucon/.local/ruby/lib/ruby/gems/2.2.0/gems/unicorn-4.9.0/lib/unicorn/http_server.rb:140:in `start'
	/home/isucon/.local/ruby/lib/ruby/gems/2.2.0/gems/unicorn-4.9.0/bin/unicorn:126:in `<top (required)>'
	/home/isucon/.local/ruby/bin/unicorn:23:in `load'
	/home/isucon/.local/ruby/bin/unicorn:23:in `<top (required)>'
	/home/isucon/.local/ruby/lib/ruby/gems/2.2.0/gems/bundler-1.13.0/lib/bundler/cli/exec.rb:74:in `load'
	/home/isucon/.local/ruby/lib/ruby/gems/2.2.0/gems/bundler-1.13.0/lib/bundler/cli/exec.rb:74:in `kernel_load'
	/home/isucon/.local/ruby/lib/ruby/gems/2.2.0/gems/bundler-1.13.0/lib/bundler/cli/exec.rb:27:in `run'
	/home/isucon/.local/ruby/lib/ruby/gems/2.2.0/gems/bundler-1.13.0/lib/bundler/cli.rb:332:in `exec'
	/home/isucon/.local/ruby/lib/ruby/gems/2.2.0/gems/bundler-1.13.0/lib/bundler/vendor/thor/lib/thor/command.rb:27:in `run'
	/home/isucon/.local/ruby/lib/ruby/gems/2.2.0/gems/bundler-1.13.0/lib/bundler/vendor/thor/lib/thor/invocation.rb:126:in `invoke_command'
	/home/isucon/.local/ruby/lib/ruby/gems/2.2.0/gems/bundler-1.13.0/lib/bundler/vendor/thor/lib/thor.rb:359:in `dispatch'
	/home/isucon/.local/ruby/lib/ruby/gems/2.2.0/gems/bundler-1.13.0/lib/bundler/cli.rb:20:in `dispatch'
	/home/isucon/.local/ruby/lib/ruby/gems/2.2.0/gems/bundler-1.13.0/lib/bundler/vendor/thor/lib/thor/base.rb:440:in `start'
	/home/isucon/.local/ruby/lib/ruby/gems/2.2.0/gems/bundler-1.13.0/lib/bundler/cli.rb:11:in `start'
	/home/isucon/.local/ruby/lib/ruby/gems/2.2.0/gems/bundler-1.13.0/exe/bundle:34:in `block in <top (required)>'
	/home/isucon/.local/ruby/lib/ruby/gems/2.2.0/gems/bundler-1.13.0/lib/bundler/friendly_errors.rb:100:in `with_friendly_errors'
	/home/isucon/.local/ruby/lib/ruby/gems/2.2.0/gems/bundler-1.13.0/exe/bundle:26:in `<top (required)>'
	/home/isucon/.local/ruby/bin/bundle:23:in `load'
	/home/isucon/.local/ruby/bin/bundle:23:in `<main>'
Sinatra::Templates#erubis is deprecated and will be removed, use #erb instead.
If you have Erubis installed, it will be used automatically.
2016-09-13 10:40:57 - Isucon5::PermissionDenied - Isucon5::PermissionDenied:
	/home/isucon/webapp/ruby/app.rb:294:in `block in <class:WebApp>'
	/home/isucon/.local/ruby/lib/ruby/gems/2.2.0/gems/sinatra-1.4.6/lib/sinatra/base.rb:1610:in `call'
	/home/isucon/.local/ruby/lib/ruby/gems/2.2.0/gems/sinatra-1.4.6/lib/sinatra/base.rb:1610:in `block in compile!'
	/home/isucon/.local/ruby/lib/ruby/gems/2.2.0/gems/sinatra-1.4.6/lib/sinatra/base.rb:974:in `[]'
	/home/isucon/.local/ruby/lib/ruby/gems/2.2.0/gems/sinatra-1.4.6/lib/sinatra/base.rb:974:in `block (3 levels) in route!'
	/home/isucon/.local/ruby/lib/ruby/gems/2.2.0/gems/sinatra-1.4.6/lib/sinatra/base.rb:993:in `route_eval'
	/home/isucon/.local/ruby/lib/ruby/gems/2.2.0/gems/sinatra-1.4.6/lib/sinatra/base.rb:974:in `block (2 levels) in route!'
	/home/isucon/.local/ruby/lib/ruby/gems/2.2.0/gems/sinatra-1.4.6/lib/sinatra/base.rb:1014:in `block in process_route'
	/home/isucon/.local/ruby/lib/ruby/gems/2.2.0/gems/sinatra-1.4.6/lib/sinatra/base.rb:1012:in `catch'
	/home/isucon/.local/ruby/lib/ruby/gems/2.2.0/gems/sinatra-1.4.6/lib/sinatra/base.rb:1012:in `process_route'
	/home/isucon/.local/ruby/lib/ruby/gems/2.2.0/gems/sinatra-1.4.6/lib/sinatra/base.rb:972:in `block in route!'
	/home/isucon/.local/ruby/lib/ruby/gems/2.2.0/gems/sinatra-1.4.6/lib/sinatra/base.rb:971:in `each'
	/home/isucon/.local/ruby/lib/ruby/gems/2.2.0/gems/sinatra-1.4.6/lib/sinatra/base.rb:971:in `route!'
	/home/isucon/.local/ruby/lib/ruby/gems/2.2.0/gems/sinatra-1.4.6/lib/sinatra/base.rb:1084:in `block in dispatch!'
	/home/isucon/.local/ruby/lib/ruby/gems/2.2.0/gems/sinatra-1.4.6/lib/sinatra/base.rb:1066:in `block in invoke'
	/home/isucon/.local/ruby/lib/ruby/gems/2.2.0/gems/sinatra-1.4.6/lib/sinatra/base.rb:1066:in `catch'
	/home/isucon/.local/ruby/lib/ruby/gems/2.2.0/gems/sinatra-1.4.6/lib/sinatra/base.rb:1066:in `invoke'
	/home/isucon/.local/ruby/lib/ruby/gems/2.2.0/gems/sinatra-1.4.6/lib/sinatra/base.rb:1081:in `dispatch!'
	/home/isucon/.local/ruby/lib/ruby/gems/2.2.0/gems/sinatra-1.4.6/lib/sinatra/base.rb:906:in `block in call!'
	/home/isucon/.local/ruby/lib/ruby/gems/2.2.0/gems/sinatra-1.4.6/lib/sinatra/base.rb:1066:in `block in invoke'
	/home/isucon/.local/ruby/lib/ruby/gems/2.2.0/gems/sinatra-1.4.6/lib/sinatra/base.rb:1066:in `catch'
	/home/isucon/.local/ruby/lib/ruby/gems/2.2.0/gems/sinatra-1.4.6/lib/sinatra/base.rb:1066:in `invoke'
	/home/isucon/.local/ruby/lib/ruby/gems/2.2.0/gems/sinatra-1.4.6/lib/sinatra/base.rb:906:in `call!'
	/home/isucon/.local/ruby/lib/ruby/gems/2.2.0/gems/sinatra-1.4.6/lib/sinatra/base.rb:894:in `call'
	/home/isucon/.local/ruby/lib/ruby/gems/2.2.0/gems/rack-1.6.4/lib/rack/session/abstract/id.rb:225:in `context'
	/home/isucon/.local/ruby/lib/ruby/gems/2.2.0/gems/rack-1.6.4/lib/rack/session/abstract/id.rb:220:in `call'
	/home/isucon/.local/ruby/lib/ruby/gems/2.2.0/gems/rack-protection-1.5.3/lib/rack/protection/xss_header.rb:18:in `call'
	/home/isucon/.local/ruby/lib/ruby/gems/2.2.0/gems/rack-protection-1.5.3/lib/rack/protection/path_traversal.rb:16:in `call'
	/home/isucon/.local/ruby/lib/ruby/gems/2.2.0/gems/rack-protection-1.5.3/lib/rack/protection/json_csrf.rb:18:in `call'
	/home/isucon/.local/ruby/lib/ruby/gems/2.2.0/gems/rack-protection-1.5.3/lib/rack/protection/base.rb:49:in `call'
	/home/isucon/.local/ruby/lib/ruby/gems/2.2.0/gems/rack-protection-1.5.3/lib/rack/protection/base.rb:49:in `call'
	/home/isucon/.local/ruby/lib/ruby/gems/2.2.0/gems/rack-protection-1.5.3/lib/rack/protection/frame_options.rb:31:in `call'
	/home/isucon/.local/ruby/lib/ruby/gems/2.2.0/gems/rack-1.6.4/lib/rack/nulllogger.rb:9:in `call'
	/home/isucon/.local/ruby/lib/ruby/gems/2.2.0/gems/rack-1.6.4/lib/rack/head.rb:13:in `call'
	/home/isucon/.local/ruby/lib/ruby/gems/2.2.0/gems/sinatra-1.4.6/lib/sinatra/base.rb:181:in `call'
	/home/isucon/.local/ruby/lib/ruby/gems/2.2.0/gems/sinatra-1.4.6/lib/sinatra/base.rb:2021:in `call'
	/home/isucon/.local/ruby/lib/ruby/gems/2.2.0/gems/sinatra-1.4.6/lib/sinatra/base.rb:1486:in `block in call'
	/home/isucon/.local/ruby/lib/ruby/gems/2.2.0/gems/sinatra-1.4.6/lib/sinatra/base.rb:1795:in `synchronize'
	/home/isucon/.local/ruby/lib/ruby/gems/2.2.0/gems/sinatra-1.4.6/lib/sinatra/base.rb:1486:in `call'
	/home/isucon/.local/ruby/lib/ruby/gems/2.2.0/gems/unicorn-4.9.0/lib/unicorn/http_server.rb:580:in `process_client'
	/home/isucon/.local/ruby/lib/ruby/gems/2.2.0/gems/unicorn-4.9.0/lib/unicorn/http_server.rb:674:in `worker_loop'
	/home/isucon/.local/ruby/lib/ruby/gems/2.2.0/gems/unicorn-4.9.0/lib/unicorn/http_server.rb:529:in `spawn_missing_workers'
	/home/isucon/.local/ruby/lib/ruby/gems/2.2.0/gems/unicorn-4.9.0/lib/unicorn/http_server.rb:140:in `start'
	/home/isucon/.local/ruby/lib/ruby/gems/2.2.0/gems/unicorn-4.9.0/bin/unicorn:126:in `<top (required)>'
	/home/isucon/.local/ruby/bin/unicorn:23:in `load'
	/home/isucon/.local/ruby/bin/unicorn:23:in `<top (required)>'
	/home/isucon/.local/ruby/lib/ruby/gems/2.2.0/gems/bundler-1.13.0/lib/bundler/cli/exec.rb:74:in `load'
	/home/isucon/.local/ruby/lib/ruby/gems/2.2.0/gems/bundler-1.13.0/lib/bundler/cli/exec.rb:74:in `kernel_load'
	/home/isucon/.local/ruby/lib/ruby/gems/2.2.0/gems/bundler-1.13.0/lib/bundler/cli/exec.rb:27:in `run'
	/home/isucon/.local/ruby/lib/ruby/gems/2.2.0/gems/bundler-1.13.0/lib/bundler/cli.rb:332:in `exec'
	/home/isucon/.local/ruby/lib/ruby/gems/2.2.0/gems/bundler-1.13.0/lib/bundler/vendor/thor/lib/thor/command.rb:27:in `run'
	/home/isucon/.local/ruby/lib/ruby/gems/2.2.0/gems/bundler-1.13.0/lib/bundler/vendor/thor/lib/thor/invocation.rb:126:in `invoke_command'
	/home/isucon/.local/ruby/lib/ruby/gems/2.2.0/gems/bundler-1.13.0/lib/bundler/vendor/thor/lib/thor.rb:359:in `dispatch'
	/home/isucon/.local/ruby/lib/ruby/gems/2.2.0/gems/bundler-1.13.0/lib/bundler/cli.rb:20:in `dispatch'
	/home/isucon/.local/ruby/lib/ruby/gems/2.2.0/gems/bundler-1.13.0/lib/bundler/vendor/thor/lib/thor/base.rb:440:in `start'
	/home/isucon/.local/ruby/lib/ruby/gems/2.2.0/gems/bundler-1.13.0/lib/bundler/cli.rb:11:in `start'
	/home/isucon/.local/ruby/lib/ruby/gems/2.2.0/gems/bundler-1.13.0/exe/bundle:34:in `block in <top (required)>'
	/home/isucon/.local/ruby/lib/ruby/gems/2.2.0/gems/bundler-1.13.0/lib/bundler/friendly_errors.rb:100:in `with_friendly_errors'
	/home/isucon/.local/ruby/lib/ruby/gems/2.2.0/gems/bundler-1.13.0/exe/bundle:26:in `<top (required)>'
	/home/isucon/.local/ruby/bin/bundle:23:in `load'
	/home/isucon/.local/ruby/bin/bundle:23:in `<main>'
Sinatra::Templates#erubis is deprecated and will be removed, use #erb instead.
If you have Erubis installed, it will be used automatically.
2016-09-13 11:08:10 - Isucon5::PermissionDenied - Isucon5::PermissionDenied:
	/home/isucon/webapp/ruby/app.rb:294:in `block in <class:WebApp>'
	/home/isucon/.local/ruby/lib/ruby/gems/2.2.0/gems/sinatra-1.4.6/lib/sinatra/base.rb:1610:in `call'
	/home/isucon/.local/ruby/lib/ruby/gems/2.2.0/gems/sinatra-1.4.6/lib/sinatra/base.rb:1610:in `block in compile!'
	/home/isucon/.local/ruby/lib/ruby/gems/2.2.0/gems/sinatra-1.4.6/lib/sinatra/base.rb:974:in `[]'
	/home/isucon/.local/ruby/lib/ruby/gems/2.2.0/gems/sinatra-1.4.6/lib/sinatra/base.rb:974:in `block (3 levels) in route!'
	/home/isucon/.local/ruby/lib/ruby/gems/2.2.0/gems/sinatra-1.4.6/lib/sinatra/base.rb:993:in `route_eval'
	/home/isucon/.local/ruby/lib/ruby/gems/2.2.0/gems/sinatra-1.4.6/lib/sinatra/base.rb:974:in `block (2 levels) in route!'
	/home/isucon/.local/ruby/lib/ruby/gems/2.2.0/gems/sinatra-1.4.6/lib/sinatra/base.rb:1014:in `block in process_route'
	/home/isucon/.local/ruby/lib/ruby/gems/2.2.0/gems/sinatra-1.4.6/lib/sinatra/base.rb:1012:in `catch'
	/home/isucon/.local/ruby/lib/ruby/gems/2.2.0/gems/sinatra-1.4.6/lib/sinatra/base.rb:1012:in `process_route'
	/home/isucon/.local/ruby/lib/ruby/gems/2.2.0/gems/sinatra-1.4.6/lib/sinatra/base.rb:972:in `block in route!'
	/home/isucon/.local/ruby/lib/ruby/gems/2.2.0/gems/sinatra-1.4.6/lib/sinatra/base.rb:971:in `each'
	/home/isucon/.local/ruby/lib/ruby/gems/2.2.0/gems/sinatra-1.4.6/lib/sinatra/base.rb:971:in `route!'
	/home/isucon/.local/ruby/lib/ruby/gems/2.2.0/gems/sinatra-1.4.6/lib/sinatra/base.rb:1084:in `block in dispatch!'
	/home/isucon/.local/ruby/lib/ruby/gems/2.2.0/gems/sinatra-1.4.6/lib/sinatra/base.rb:1066:in `block in invoke'
	/home/isucon/.local/ruby/lib/ruby/gems/2.2.0/gems/sinatra-1.4.6/lib/sinatra/base.rb:1066:in `catch'
	/home/isucon/.local/ruby/lib/ruby/gems/2.2.0/gems/sinatra-1.4.6/lib/sinatra/base.rb:1066:in `invoke'
	/home/isucon/.local/ruby/lib/ruby/gems/2.2.0/gems/sinatra-1.4.6/lib/sinatra/base.rb:1081:in `dispatch!'
	/home/isucon/.local/ruby/lib/ruby/gems/2.2.0/gems/sinatra-1.4.6/lib/sinatra/base.rb:906:in `block in call!'
	/home/isucon/.local/ruby/lib/ruby/gems/2.2.0/gems/sinatra-1.4.6/lib/sinatra/base.rb:1066:in `block in invoke'
	/home/isucon/.local/ruby/lib/ruby/gems/2.2.0/gems/sinatra-1.4.6/lib/sinatra/base.rb:1066:in `catch'
	/home/isucon/.local/ruby/lib/ruby/gems/2.2.0/gems/sinatra-1.4.6/lib/sinatra/base.rb:1066:in `invoke'
	/home/isucon/.local/ruby/lib/ruby/gems/2.2.0/gems/sinatra-1.4.6/lib/sinatra/base.rb:906:in `call!'
	/home/isucon/.local/ruby/lib/ruby/gems/2.2.0/gems/sinatra-1.4.6/lib/sinatra/base.rb:894:in `call'
	/home/isucon/.local/ruby/lib/ruby/gems/2.2.0/gems/rack-1.6.4/lib/rack/session/abstract/id.rb:225:in `context'
	/home/isucon/.local/ruby/lib/ruby/gems/2.2.0/gems/rack-1.6.4/lib/rack/session/abstract/id.rb:220:in `call'
	/home/isucon/.local/ruby/lib/ruby/gems/2.2.0/gems/rack-protection-1.5.3/lib/rack/protection/xss_header.rb:18:in `call'
	/home/isucon/.local/ruby/lib/ruby/gems/2.2.0/gems/rack-protection-1.5.3/lib/rack/protection/path_traversal.rb:16:in `call'
	/home/isucon/.local/ruby/lib/ruby/gems/2.2.0/gems/rack-protection-1.5.3/lib/rack/protection/json_csrf.rb:18:in `call'
	/home/isucon/.local/ruby/lib/ruby/gems/2.2.0/gems/rack-protection-1.5.3/lib/rack/protection/base.rb:49:in `call'
	/home/isucon/.local/ruby/lib/ruby/gems/2.2.0/gems/rack-protection-1.5.3/lib/rack/protection/base.rb:49:in `call'
	/home/isucon/.local/ruby/lib/ruby/gems/2.2.0/gems/rack-protection-1.5.3/lib/rack/protection/frame_options.rb:31:in `call'
	/home/isucon/.local/ruby/lib/ruby/gems/2.2.0/gems/rack-1.6.4/lib/rack/nulllogger.rb:9:in `call'
	/home/isucon/.local/ruby/lib/ruby/gems/2.2.0/gems/rack-1.6.4/lib/rack/head.rb:13:in `call'
	/home/isucon/.local/ruby/lib/ruby/gems/2.2.0/gems/sinatra-1.4.6/lib/sinatra/base.rb:181:in `call'
	/home/isucon/.local/ruby/lib/ruby/gems/2.2.0/gems/sinatra-1.4.6/lib/sinatra/base.rb:2021:in `call'
	/home/isucon/.local/ruby/lib/ruby/gems/2.2.0/gems/sinatra-1.4.6/lib/sinatra/base.rb:1486:in `block in call'
	/home/isucon/.local/ruby/lib/ruby/gems/2.2.0/gems/sinatra-1.4.6/lib/sinatra/base.rb:1795:in `synchronize'
	/home/isucon/.local/ruby/lib/ruby/gems/2.2.0/gems/sinatra-1.4.6/lib/sinatra/base.rb:1486:in `call'
	/home/isucon/.local/ruby/lib/ruby/gems/2.2.0/gems/unicorn-4.9.0/lib/unicorn/http_server.rb:580:in `process_client'
	/home/isucon/.local/ruby/lib/ruby/gems/2.2.0/gems/unicorn-4.9.0/lib/unicorn/http_server.rb:674:in `worker_loop'
	/home/isucon/.local/ruby/lib/ruby/gems/2.2.0/gems/unicorn-4.9.0/lib/unicorn/http_server.rb:529:in `spawn_missing_workers'
	/home/isucon/.local/ruby/lib/ruby/gems/2.2.0/gems/unicorn-4.9.0/lib/unicorn/http_server.rb:140:in `start'
	/home/isucon/.local/ruby/lib/ruby/gems/2.2.0/gems/unicorn-4.9.0/bin/unicorn:126:in `<top (required)>'
	/home/isucon/.local/ruby/bin/unicorn:23:in `load'
	/home/isucon/.local/ruby/bin/unicorn:23:in `<top (required)>'
	/home/isucon/.local/ruby/lib/ruby/gems/2.2.0/gems/bundler-1.13.0/lib/bundler/cli/exec.rb:74:in `load'
	/home/isucon/.local/ruby/lib/ruby/gems/2.2.0/gems/bundler-1.13.0/lib/bundler/cli/exec.rb:74:in `kernel_load'
	/home/isucon/.local/ruby/lib/ruby/gems/2.2.0/gems/bundler-1.13.0/lib/bundler/cli/exec.rb:27:in `run'
	/home/isucon/.local/ruby/lib/ruby/gems/2.2.0/gems/bundler-1.13.0/lib/bundler/cli.rb:332:in `exec'
	/home/isucon/.local/ruby/lib/ruby/gems/2.2.0/gems/bundler-1.13.0/lib/bundler/vendor/thor/lib/thor/command.rb:27:in `run'
	/home/isucon/.local/ruby/lib/ruby/gems/2.2.0/gems/bundler-1.13.0/lib/bundler/vendor/thor/lib/thor/invocation.rb:126:in `invoke_command'
	/home/isucon/.local/ruby/lib/ruby/gems/2.2.0/gems/bundler-1.13.0/lib/bundler/vendor/thor/lib/thor.rb:359:in `dispatch'
	/home/isucon/.local/ruby/lib/ruby/gems/2.2.0/gems/bundler-1.13.0/lib/bundler/cli.rb:20:in `dispatch'
	/home/isucon/.local/ruby/lib/ruby/gems/2.2.0/gems/bundler-1.13.0/lib/bundler/vendor/thor/lib/thor/base.rb:440:in `start'
	/home/isucon/.local/ruby/lib/ruby/gems/2.2.0/gems/bundler-1.13.0/lib/bundler/cli.rb:11:in `start'
	/home/isucon/.local/ruby/lib/ruby/gems/2.2.0/gems/bundler-1.13.0/exe/bundle:34:in `block in <top (required)>'
	/home/isucon/.local/ruby/lib/ruby/gems/2.2.0/gems/bundler-1.13.0/lib/bundler/friendly_errors.rb:100:in `with_friendly_errors'
	/home/isucon/.local/ruby/lib/ruby/gems/2.2.0/gems/bundler-1.13.0/exe/bundle:26:in `<top (required)>'
	/home/isucon/.local/ruby/bin/bundle:23:in `load'
	/home/isucon/.local/ruby/bin/bundle:23:in `<main>'
Sinatra::Templates#erubis is deprecated and will be removed, use #erb instead.
If you have Erubis installed, it will be used automatically.
I, [2016-09-13T11:23:21.408997 #506]  INFO -- : reaped #<Process::Status: pid 1088 exit 0> worker=0
I, [2016-09-13T11:23:21.409114 #506]  INFO -- : master complete
I, [2016-09-13T11:23:43.665080 #502]  INFO -- : Refreshing Gem list
I, [2016-09-13T11:23:43.831871 #502]  INFO -- : unlinking existing socket=/home/isucon/webapp/ruby/tmp/ruby.sock
I, [2016-09-13T11:23:43.831994 #502]  INFO -- : listening on addr=/home/isucon/webapp/ruby/tmp/ruby.sock fd=9
I, [2016-09-13T11:23:43.832073 #502]  INFO -- : worker=0 spawning...
I, [2016-09-13T11:23:43.832833 #502]  INFO -- : master process ready
I, [2016-09-13T11:23:43.849082 #1099]  INFO -- : worker=0 spawned pid=1099
I, [2016-09-13T11:23:43.850838 #1099]  INFO -- : worker=0 ready
D, [2016-09-13T11:24:44.629817 #502] DEBUG -- : waiting 31.0s after suspend/hibernation
        SECURITY WARNING: No secret option provided to Rack::Session::Cookie.
        This poses a security threat. It is strongly recommended that you
        provide a secret to prevent exploits that may be possible from crafted
        cookies. This will not be supported in future versions of Rack, and
        future versions will even invalidate your existing user cookies.

        Called from: /home/isucon/.local/ruby/lib/ruby/gems/2.2.0/gems/rack-1.6.4/lib/rack/builder.rb:86:in `new'.
2016-09-13 11:25:02 - Isucon5::PermissionDenied - Isucon5::PermissionDenied:
	/home/isucon/webapp/ruby/app.rb:294:in `block in <class:WebApp>'
	/home/isucon/.local/ruby/lib/ruby/gems/2.2.0/gems/sinatra-1.4.6/lib/sinatra/base.rb:1610:in `call'
	/home/isucon/.local/ruby/lib/ruby/gems/2.2.0/gems/sinatra-1.4.6/lib/sinatra/base.rb:1610:in `block in compile!'
	/home/isucon/.local/ruby/lib/ruby/gems/2.2.0/gems/sinatra-1.4.6/lib/sinatra/base.rb:974:in `[]'
	/home/isucon/.local/ruby/lib/ruby/gems/2.2.0/gems/sinatra-1.4.6/lib/sinatra/base.rb:974:in `block (3 levels) in route!'
	/home/isucon/.local/ruby/lib/ruby/gems/2.2.0/gems/sinatra-1.4.6/lib/sinatra/base.rb:993:in `route_eval'
	/home/isucon/.local/ruby/lib/ruby/gems/2.2.0/gems/sinatra-1.4.6/lib/sinatra/base.rb:974:in `block (2 levels) in route!'
	/home/isucon/.local/ruby/lib/ruby/gems/2.2.0/gems/sinatra-1.4.6/lib/sinatra/base.rb:1014:in `block in process_route'
	/home/isucon/.local/ruby/lib/ruby/gems/2.2.0/gems/sinatra-1.4.6/lib/sinatra/base.rb:1012:in `catch'
	/home/isucon/.local/ruby/lib/ruby/gems/2.2.0/gems/sinatra-1.4.6/lib/sinatra/base.rb:1012:in `process_route'
	/home/isucon/.local/ruby/lib/ruby/gems/2.2.0/gems/sinatra-1.4.6/lib/sinatra/base.rb:972:in `block in route!'
	/home/isucon/.local/ruby/lib/ruby/gems/2.2.0/gems/sinatra-1.4.6/lib/sinatra/base.rb:971:in `each'
	/home/isucon/.local/ruby/lib/ruby/gems/2.2.0/gems/sinatra-1.4.6/lib/sinatra/base.rb:971:in `route!'
	/home/isucon/.local/ruby/lib/ruby/gems/2.2.0/gems/sinatra-1.4.6/lib/sinatra/base.rb:1084:in `block in dispatch!'
	/home/isucon/.local/ruby/lib/ruby/gems/2.2.0/gems/sinatra-1.4.6/lib/sinatra/base.rb:1066:in `block in invoke'
	/home/isucon/.local/ruby/lib/ruby/gems/2.2.0/gems/sinatra-1.4.6/lib/sinatra/base.rb:1066:in `catch'
	/home/isucon/.local/ruby/lib/ruby/gems/2.2.0/gems/sinatra-1.4.6/lib/sinatra/base.rb:1066:in `invoke'
	/home/isucon/.local/ruby/lib/ruby/gems/2.2.0/gems/sinatra-1.4.6/lib/sinatra/base.rb:1081:in `dispatch!'
	/home/isucon/.local/ruby/lib/ruby/gems/2.2.0/gems/sinatra-1.4.6/lib/sinatra/base.rb:906:in `block in call!'
	/home/isucon/.local/ruby/lib/ruby/gems/2.2.0/gems/sinatra-1.4.6/lib/sinatra/base.rb:1066:in `block in invoke'
	/home/isucon/.local/ruby/lib/ruby/gems/2.2.0/gems/sinatra-1.4.6/lib/sinatra/base.rb:1066:in `catch'
	/home/isucon/.local/ruby/lib/ruby/gems/2.2.0/gems/sinatra-1.4.6/lib/sinatra/base.rb:1066:in `invoke'
	/home/isucon/.local/ruby/lib/ruby/gems/2.2.0/gems/sinatra-1.4.6/lib/sinatra/base.rb:906:in `call!'
	/home/isucon/.local/ruby/lib/ruby/gems/2.2.0/gems/sinatra-1.4.6/lib/sinatra/base.rb:894:in `call'
	/home/isucon/.local/ruby/lib/ruby/gems/2.2.0/gems/rack-1.6.4/lib/rack/session/abstract/id.rb:225:in `context'
	/home/isucon/.local/ruby/lib/ruby/gems/2.2.0/gems/rack-1.6.4/lib/rack/session/abstract/id.rb:220:in `call'
	/home/isucon/.local/ruby/lib/ruby/gems/2.2.0/gems/rack-protection-1.5.3/lib/rack/protection/xss_header.rb:18:in `call'
	/home/isucon/.local/ruby/lib/ruby/gems/2.2.0/gems/rack-protection-1.5.3/lib/rack/protection/path_traversal.rb:16:in `call'
	/home/isucon/.local/ruby/lib/ruby/gems/2.2.0/gems/rack-protection-1.5.3/lib/rack/protection/json_csrf.rb:18:in `call'
	/home/isucon/.local/ruby/lib/ruby/gems/2.2.0/gems/rack-protection-1.5.3/lib/rack/protection/base.rb:49:in `call'
	/home/isucon/.local/ruby/lib/ruby/gems/2.2.0/gems/rack-protection-1.5.3/lib/rack/protection/base.rb:49:in `call'
	/home/isucon/.local/ruby/lib/ruby/gems/2.2.0/gems/rack-protection-1.5.3/lib/rack/protection/frame_options.rb:31:in `call'
	/home/isucon/.local/ruby/lib/ruby/gems/2.2.0/gems/rack-1.6.4/lib/rack/nulllogger.rb:9:in `call'
	/home/isucon/.local/ruby/lib/ruby/gems/2.2.0/gems/rack-1.6.4/lib/rack/head.rb:13:in `call'
	/home/isucon/.local/ruby/lib/ruby/gems/2.2.0/gems/sinatra-1.4.6/lib/sinatra/base.rb:181:in `call'
	/home/isucon/.local/ruby/lib/ruby/gems/2.2.0/gems/sinatra-1.4.6/lib/sinatra/base.rb:2021:in `call'
	/home/isucon/.local/ruby/lib/ruby/gems/2.2.0/gems/sinatra-1.4.6/lib/sinatra/base.rb:1486:in `block in call'
	/home/isucon/.local/ruby/lib/ruby/gems/2.2.0/gems/sinatra-1.4.6/lib/sinatra/base.rb:1795:in `synchronize'
	/home/isucon/.local/ruby/lib/ruby/gems/2.2.0/gems/sinatra-1.4.6/lib/sinatra/base.rb:1486:in `call'
	/home/isucon/.local/ruby/lib/ruby/gems/2.2.0/gems/unicorn-4.9.0/lib/unicorn/http_server.rb:580:in `process_client'
	/home/isucon/.local/ruby/lib/ruby/gems/2.2.0/gems/unicorn-4.9.0/lib/unicorn/http_server.rb:674:in `worker_loop'
	/home/isucon/.local/ruby/lib/ruby/gems/2.2.0/gems/unicorn-4.9.0/lib/unicorn/http_server.rb:529:in `spawn_missing_workers'
	/home/isucon/.local/ruby/lib/ruby/gems/2.2.0/gems/unicorn-4.9.0/lib/unicorn/http_server.rb:140:in `start'
	/home/isucon/.local/ruby/lib/ruby/gems/2.2.0/gems/unicorn-4.9.0/bin/unicorn:126:in `<top (required)>'
	/home/isucon/.local/ruby/bin/unicorn:23:in `load'
	/home/isucon/.local/ruby/bin/unicorn:23:in `<top (required)>'
	/home/isucon/.local/ruby/lib/ruby/gems/2.2.0/gems/bundler-1.13.0/lib/bundler/cli/exec.rb:74:in `load'
	/home/isucon/.local/ruby/lib/ruby/gems/2.2.0/gems/bundler-1.13.0/lib/bundler/cli/exec.rb:74:in `kernel_load'
	/home/isucon/.local/ruby/lib/ruby/gems/2.2.0/gems/bundler-1.13.0/lib/bundler/cli/exec.rb:27:in `run'
	/home/isucon/.local/ruby/lib/ruby/gems/2.2.0/gems/bundler-1.13.0/lib/bundler/cli.rb:332:in `exec'
	/home/isucon/.local/ruby/lib/ruby/gems/2.2.0/gems/bundler-1.13.0/lib/bundler/vendor/thor/lib/thor/command.rb:27:in `run'
	/home/isucon/.local/ruby/lib/ruby/gems/2.2.0/gems/bundler-1.13.0/lib/bundler/vendor/thor/lib/thor/invocation.rb:126:in `invoke_command'
	/home/isucon/.local/ruby/lib/ruby/gems/2.2.0/gems/bundler-1.13.0/lib/bundler/vendor/thor/lib/thor.rb:359:in `dispatch'
	/home/isucon/.local/ruby/lib/ruby/gems/2.2.0/gems/bundler-1.13.0/lib/bundler/cli.rb:20:in `dispatch'
	/home/isucon/.local/ruby/lib/ruby/gems/2.2.0/gems/bundler-1.13.0/lib/bundler/vendor/thor/lib/thor/base.rb:440:in `start'
	/home/isucon/.local/ruby/lib/ruby/gems/2.2.0/gems/bundler-1.13.0/lib/bundler/cli.rb:11:in `start'
	/home/isucon/.local/ruby/lib/ruby/gems/2.2.0/gems/bundler-1.13.0/exe/bundle:34:in `block in <top (required)>'
	/home/isucon/.local/ruby/lib/ruby/gems/2.2.0/gems/bundler-1.13.0/lib/bundler/friendly_errors.rb:100:in `with_friendly_errors'
	/home/isucon/.local/ruby/lib/ruby/gems/2.2.0/gems/bundler-1.13.0/exe/bundle:26:in `<top (required)>'
	/home/isucon/.local/ruby/bin/bundle:23:in `load'
	/home/isucon/.local/ruby/bin/bundle:23:in `<main>'
Sinatra::Templates#erubis is deprecated and will be removed, use #erb instead.
If you have Erubis installed, it will be used automatically.
